Build started 25/02/2023 19:40:22.
Logging verbosity is set to: Normal.     1>Project "C:\University\4_term\ДПИ\KGIG_4_sem-master\kgig_lab03\Lab02\Lab02.vcxproj" on node 2 (Build target(s)).
     1>InitializeBuildStatus:
         Creating "Debug\Lab02.tlog\unsuccessfulbuild" because "AlwaysCreate" was specified.
       ClCompile:
         C:\Program Files (x86)\Microsoft Visual Studio\2019\Community\VC\Tools\MSVC\14.29.30133\bin\HostX86\x86\CL.exe /c /ZI /JMC /nologo /W3 /WX- /diagnostics:column /sdl /Od /Oy- /D WIN32 /D _WINDOWS /D _DEBUG /D _UNICODE /D UNICODE /D _AFXDLL /Gm- /EHsc /RTC1 /MDd /GS /fp:precise /Zc:wchar_t /Zc:forScope /Zc:inline /Fo"Debug\\" /Fd"Debug\vc142.pdb" /external:W3 /Gd /TP /analyze- /FC /errorReport:prompt ChildView.cpp
         ChildView.cpp
         _WIN32_WINNT not defined. Defaulting to _WIN32_WINNT_MAXVER (see WinSDKVer.h)
     1>C:\University\4_term\ДПИ\KGIG_4_sem-master\kgig_lab03\Lab02\ChildView.cpp(83,8): warning C4244: 'initializing': conversion from 'double' to 'int', possible loss of data
     1>C:\University\4_term\ДПИ\KGIG_4_sem-master\kgig_lab03\Lab02\ChildView.cpp(106,8): warning C4244: 'initializing': conversion from 'double' to 'int', possible loss of data
     1>C:\University\4_term\ДПИ\KGIG_4_sem-master\kgig_lab03\Lab02\ChildView.cpp(131,8): warning C4244: 'initializing': conversion from 'double' to 'int', possible loss of data
     1>C:\University\4_term\ДПИ\KGIG_4_sem-master\kgig_lab03\Lab02\ChildView.cpp(150,16): warning C4244: '=': conversion from 'double' to 'int', possible loss of data
       ResourceCompile:
         All outputs are up-to-date.
       Link:
         C:\Program Files (x86)\Microsoft Visual Studio\2019\Community\VC\Tools\MSVC\14.29.30133\bin\HostX86\x86\link.exe /ERRORREPORT:PROMPT /OUT:"C:\University\4_term\ДПИ\KGIG_4_sem-master\kgig_lab03\Debug\Lab02.exe" /INCREMENTAL /ILK:"Debug\Lab02.ilk" /NOLOGO /MANIFEST /MANIFESTUAC:"level='asInvoker' uiAccess='false'" /manifest:embed /manifestinput:"C:\Program Files (x86)\Microsoft Visual Studio\2019\Community\VC\Tools\MSVC\14.29.30133\Include\Manifest\dpiaware.manifest" /DEBUG:FULL /PDB:"C:\University\4_term\ДПИ\KGIG_4_sem-master\kgig_lab03\Debug\Lab02.pdb" /SUBSYSTEM:WINDOWS /TLBID:1 /ENTRY:"wWinMainCRTStartup" /DYNAMICBASE /NXCOMPAT /IMPLIB:"C:\University\4_term\ДПИ\KGIG_4_sem-master\kgig_lab03\Debug\Lab02.lib" /MACHINE:X86 Debug\lab2.res
         Debug\ChildView.obj
         Debug\CMatrix.obj
         Debug\Lab02.obj
         Debug\LibChart2D.obj
         Debug\MainFrm.obj
         Lab02.vcxproj -> C:\University\4_term\ДПИ\KGIG_4_sem-master\kgig_lab03\Debug\Lab02.exe
       FinalizeBuildStatus:
         Deleting file "Debug\Lab02.tlog\unsuccessfulbuild".
         Touching "Debug\Lab02.tlog\Lab02.lastbuildstate".
     1>Done Building Project "C:\University\4_term\ДПИ\KGIG_4_sem-master\kgig_lab03\Lab02\Lab02.vcxproj" (Build target(s)).

Build succeeded.

       "C:\University\4_term\ДПИ\KGIG_4_sem-master\kgig_lab03\Lab02\Lab02.vcxproj" (Build target) (1) ->
       (ClCompile target) -> 
         C:\University\4_term\ДПИ\KGIG_4_sem-master\kgig_lab03\Lab02\ChildView.cpp(83,8): warning C4244: 'initializing': conversion from 'double' to 'int', possible loss of data
         C:\University\4_term\ДПИ\KGIG_4_sem-master\kgig_lab03\Lab02\ChildView.cpp(106,8): warning C4244: 'initializing': conversion from 'double' to 'int', possible loss of data
         C:\University\4_term\ДПИ\KGIG_4_sem-master\kgig_lab03\Lab02\ChildView.cpp(131,8): warning C4244: 'initializing': conversion from 'double' to 'int', possible loss of data
         C:\University\4_term\ДПИ\KGIG_4_sem-master\kgig_lab03\Lab02\ChildView.cpp(150,16): warning C4244: '=': conversion from 'double' to 'int', possible loss of data

    4 Warning(s)
    0 Error(s)

Time Elapsed 00:00:01.78
