Build started 19/02/2023 20:01:31.
Logging verbosity is set to: Normal.     1>Project "C:\University\4_term\ОКГ\Lab01\Win32Project1\Win32Project1\Win32Project1.vcxproj" on node 2 (Build target(s)).
     1>InitializeBuildStatus:
         Touching "Debug\Win32Project1.tlog\unsuccessfulbuild".
       ClCompile:
         C:\Program Files (x86)\Microsoft Visual Studio\2019\Community\VC\Tools\MSVC\14.29.30133\bin\HostX86\x86\CL.exe /c /ZI /JMC /nologo /W3 /WX- /diagnostics:column /sdl /Od /Oy- /D _CRT_SECURE_NO_WARNINGS /D WIN32 /D _DEBUG /D _WINDOWS /D _UNICODE /D UNICODE /D _AFXDLL /Gm- /EHsc /RTC1 /MDd /GS /fp:precise /Zc:wchar_t /Zc:forScope /Zc:inline /Fo"Debug\\" /Fd"Debug\vc142.pdb" /external:W3 /Gd /TP /analyze- /FC /errorReport:prompt CMatrix.cpp Main.cpp LibGraph.cpp
         CMatrix.cpp
         Main.cpp
         _WIN32_WINNT not defined. Defaulting to _WIN32_WINNT_MAXVER (see WinSDKVer.h)
         LibGraph.cpp
         _WIN32_WINNT not defined. Defaulting to _WIN32_WINNT_MAXVER (see WinSDKVer.h)
         Generating Code...
       Link:
         C:\Program Files (x86)\Microsoft Visual Studio\2019\Community\VC\Tools\MSVC\14.29.30133\bin\HostX86\x86\link.exe /ERRORREPORT:PROMPT /OUT:"C:\University\4_term\ОКГ\Lab01\Win32Project1\Debug\Win32Project1.exe" /INCREMENTAL /ILK:"Debug\Win32Project1.ilk" /NOLOGO /MANIFEST /MANIFESTUAC:"level='asInvoker' uiAccess='false'" /manifest:embed /manifestinput:"C:\Program Files (x86)\Microsoft Visual Studio\2019\Community\VC\Tools\MSVC\14.29.30133\Include\Manifest\dpiaware.manifest" /DEBUG /PDB:"C:\University\4_term\ОКГ\Lab01\Win32Project1\Debug\Win32Project1.pdb" /SUBSYSTEM:WINDOWS /TLBID:1 /ENTRY:"wWinMainCRTStartup" /DYNAMICBASE /NXCOMPAT /IMPLIB:"C:\University\4_term\ОКГ\Lab01\Win32Project1\Debug\Win32Project1.lib" /MACHINE:X86 Debug\CMatrix.obj
         Debug\Main.obj
         Debug\LibGraph.obj
         Win32Project1.vcxproj -> C:\University\4_term\ОКГ\Lab01\Win32Project1\Debug\Win32Project1.exe
       FinalizeBuildStatus:
         Deleting file "Debug\Win32Project1.tlog\unsuccessfulbuild".
         Touching "Debug\Win32Project1.tlog\Win32Project1.lastbuildstate".
     1>Done Building Project "C:\University\4_term\ОКГ\Lab01\Win32Project1\Win32Project1\Win32Project1.vcxproj" (Build target(s)).

Build succeeded.
    0 Warning(s)
    0 Error(s)

Time Elapsed 00:00:03.47
